<?xml version="1.0" encoding="UTF-8"?>
<!-- Generated by org.testng.reporters.JUnitXMLReporter -->
<testsuite hostname="Sreepals-MacBook-Pro.local" failures="0" tests="6" name="Command line test" time="1.501" errors="0" timestamp="4 Mar 2021 23:23:51 GMT">
  <testcase classname="twitter.TwitterAPITest" name="verifyCreateTweet" time="0.573"/>
  <testcase classname="twitter.TwitterAPITest" name="verifyDuplicateTweet" time="0.051"/>
  <testcase classname="twitter.TwitterAPITest" name="verifyGetTweets" time="0.126"/>
  <testcase classname="twitter.TwitterAPITest" name="verifyNoOfTweets" time="0.521"/>
  <testcase classname="twitter.TwitterAPITest" name="verifyMultipleTweetsAvailable" time="0.106"/>
  <testcase classname="twitter.TwitterAPITest" name="verifyMultipleTweetsAvailable" time="0.107"/>
</testsuite> <!-- Command line test -->
